<?xml version="1.0" encoding="UTF-8"?>
<!-- Generated by org.testng.reporters.JUnitReportReporter -->
<testsuite hostname="achyuth" failures="0" tests="1" name="com.example.demo.CA_1.NewTest2" time="29.087" errors="0" timestamp="2023-05-04T15:57:14 IST" skipped="0">
  <testcase classname="com.example.demo.CA_1.NewTest2" name="f" time="29.087"/>
  <system-out/>
</testsuite> <!-- com.example.demo.CA_1.NewTest2 -->
